0 silly argv {
0 silly argv   _: [ 'run' ],
0 silly argv   concurrency: NaN,
0 silly argv   lernaVersion: '4.0.0',
0 silly argv   '$0': '/Users/michaelmillington/Dev/osmosis-frontend/node_modules/.bin/lerna',
0 silly argv   script: 'pre-commit'
0 silly argv }
1 notice cli v4.0.0
2 verbose rootPath /Users/michaelmillington/Dev/osmosis-frontend
3 error JSONError: Unexpected token "}" (0x7D) in JSON at position 497 while parsing near "...--check\"\n    ]\n  },\n}\n" in packages/utils/package.json
3 error
3 error [0m [90m 19 |[39m     ][0m
3 error [0m [90m 20 |[39m   }[33m,[39m[0m
3 error [0m[31m[1m>[22m[39m[90m 21 |[39m }[0m
3 error [0m [90m    |[39m [31m[1m^[22m[39m[0m
3 error [0m [90m 22 |[39m[0m
3 error
3 error     at parseJson (/Users/michaelmillington/Dev/osmosis-frontend/node_modules/parse-json/index.js:29:21)
3 error     at parse (/Users/michaelmillington/Dev/osmosis-frontend/node_modules/load-json-file/index.js:15:9)
3 error     at module.exports (/Users/michaelmillington/Dev/osmosis-frontend/node_modules/load-json-file/index.js:18:47)
